<?xml version="1.0" encoding="UTF-8"?>
<testsuite name="TamagotchiTest" tests="1" skipped="0" failures="0" errors="0" timestamp="2016-04-26T21:12:25" hostname="epicodus-59.local" time="0.001">
  <properties/>
  <testcase name="tamagotchi_instantiatesCorrectly_true" classname="TamagotchiTest" time="0.001"/>
  <system-out><![CDATA[]]></system-out>
  <system-err><![CDATA[]]></system-err>
</testsuite>
